<?xml version="1.0" encoding="UTF-8"?>
<!-- Generated by org.testng.reporters.JUnitReportReporter -->
<testsuite hostname="VBS-PC46" name="script_1.Script_1_1Test" tests="2" failures="0" timestamp="28 Jul 2017 05:07:06 GMT" time="0.005" errors="0">
  <testcase name="testCase2" time="0.001" classname="script_1.Script_1_1Test"/>
  <testcase name="testCase1" time="0.004" classname="script_1.Script_1_1Test"/>
</testsuite> <!-- script_1.Script_1_1Test -->
