<?xml version="1.0" encoding="UTF-8"?>
<!-- Generated by org.testng.reporters.JUnitReportReporter -->
<testsuite hostname="VBS-PC46" name="script_1.Selenium_easy_demo" tests="1" failures="0" timestamp="9 Aug 2017 11:07:15 GMT" time="3.889" errors="0">
  <testcase name="sel" time="3.889" classname="script_1.Selenium_easy_demo"/>
</testsuite> <!-- script_1.Selenium_easy_demo -->
